日本生命熊本ビル新築工事Array
(
    [project_name] => 日本生命熊本ビル新築工事
    [id] => 1926
    [forge_version_id] => urn:adsk.wipprod:fs.file:vf.PrVSKhiiSKaMPY0Df8w_Pg?version=35
    [version_number] => 35
    [item_id] => 103
    [item_name] => cen_NK_2019_v1.rvt
)
日本生命熊本ビル新築工事Array
(
    [project_name] => 日本生命熊本ビル新築工事
    [id] => 1926
    [forge_version_id] => urn:adsk.wipprod:fs.file:vf.PrVSKhiiSKaMPY0Df8w_Pg?version=35
    [version_number] => 35
    [item_id] => 103
    [item_name] => cen_NK_2019_v1.rvt
)
Array
(
    [project_name] => 日本生命熊本ビル新築工事
    [id] => 1926
    [forge_version_id] => urn:adsk.wipprod:fs.file:vf.PrVSKhiiSKaMPY0Df8w_Pg?version=35
    [version_number] => 35
    [item_id] => 103
    [item_name] => cen_NK_2019_v1.rvt
)
Array
(
    [project_name] => 日本生命熊本ビル新築工事
    [id] => 1926
    [forge_version_id] => urn:adsk.wipprod:fs.file:vf.PrVSKhiiSKaMPY0Df8w_Pg?version=35
    [version_number] => 35
    [item_id] => 103
    [item_name] => cen_NK_2019_v1.rvt
)
PJ20111112_大阪市中央卸売市場南港市場PJ20111112_大阪市中央卸売市場南港市場関西国際空港T1リノベーション工事名駅4丁目PJ（仮称）資生堂九州工場新築工事（仮称）資生堂九州工場新築工事（仮称）資生堂九州工場新築工事（仮称）資生堂九州工場新築工事（仮称）資生堂九州工場新築工事（仮称）資生堂九州工場新築工事（仮称）資生堂九州工場新築工事関西国際空港T1リノベーション工事関西国際空港T1リノベーション工事関西国際空港T1リノベーション工事関西国際空港T1リノベーション工事PJ20111112_大阪市中央卸売市場南港市場PJ20111112_大阪市中央卸売市場南港市場関西国際空港T1リノベーション工事名駅4丁目PJ（仮称）資生堂九州工場新築工事（仮称）資生堂九州工場新築工事（仮称）資生堂九州工場新築工事（仮称）資生堂九州工場新築工事（仮称）資生堂九州工場新築工事（仮称）資生堂九州工場新築工事（仮称）資生堂九州工場新築工事関西国際空港T1リノベーション工事関西国際空港T1リノベーション工事関西国際空港T1リノベーション工事関西国際空港T1リノベーション工事関西国際空港T1リノベーション工事関西国際空港T1リノベーション工事関西国際空港T1リノベーション工事関西国際空港T1リノベーション工事関西国際空港T1リノベーション工事関西国際空港T1リノベーション工事関西国際空港T1リノベーション工事10_0122_新淀屋橋ビルクレメントイン今治クレメントイン今治ミツトヨ広島事業所_志和工場ミツトヨ広島事業所_志和工場10_0115_京都駅耐震改修工事博多駅前4丁目計画新築工事大阪平野町PREXビル新築工事大阪平野町PREXビル新築工事新大阪宮原NKビル【大阪】新大阪宮原NKビル【大阪】城西大学紀尾井町2号館建替計画港南二丁目プロジェクト日本生命熊本ビル新築工事日本生命新潟ビル岡波病院大阪平野町PREXビル新築工事PJ20111112_大阪市中央卸売市場南港市場PJ20111112_大阪市中央卸売市場南港市場関西国際空港T1リノベーション工事名駅4丁目PJ（仮称）資生堂九州工場新築工事（仮称）資生堂九州工場新築工事（仮称）資生堂九州工場新築工事（仮称）資生堂九州工場新築工事（仮称）資生堂九州工場新築工事（仮称）資生堂九州工場新築工事（仮称）資生堂九州工場新築工事関西国際空港T1リノベーション工事関西国際空港T1リノベーション工事関西国際空港T1リノベーション工事関西国際空港T1リノベーション工事関西国際空港T1リノベーション工事関西国際空港T1リノベーション工事関西国際空港T1リノベーション工事関西国際空港T1リノベーション工事関西国際空港T1リノベーション工事関西国際空港T1リノベーション工事関西国際空港T1リノベーション工事10_0122_新淀屋橋ビルクレメントイン今治クレメントイン今治ミツトヨ広島事業所_志和工場ミツトヨ広島事業所_志和工場10_0115_京都駅耐震改修工事博多駅前4丁目計画新築工事大阪平野町PREXビル新築工事大阪平野町PREXビル新築工事新大阪宮原NKビル【大阪】新大阪宮原NKビル【大阪】城西大学紀尾井町2号館建替計画港南二丁目プロジェクト日本生命熊本ビル新築工事日本生命新潟ビル岡波病院大阪平野町PREXビル新築工事PJ20111112_大阪市中央卸売市場南港市場PJ20111112_大阪市中央卸売市場南港市場関西国際空港T1リノベーション工事名駅4丁目PJ（仮称）資生堂九州工場新築工事（仮称）資生堂九州工場新築工事（仮称）資生堂九州工場新築工事（仮称）資生堂九州工場新築工事（仮称）資生堂九州工場新築工事（仮称）資生堂九州工場新築工事（仮称）資生堂九州工場新築工事関西国際空港T1リノベーション工事関西国際空港T1リノベーション工事関西国際空港T1リノベーション工事関西国際空港T1リノベーション工事関西国際空港T1リノベーション工事関西国際空港T1リノベーション工事関西国際空港T1リノベーション工事関西国際空港T1リノベーション工事関西国際空港T1リノベーション工事関西国際空港T1リノベーション工事関西国際空港T1リノベーション工事関西国際空港T1リノベーション工事関西国際空港T1リノベーション工事10_0122_新淀屋橋ビルクレメントイン今治クレメントイン今治ミツトヨ広島事業所_志和工場ミツトヨ広島事業所_志和工場10_0115_京都駅耐震改修工事博多駅前4丁目計画新築工事大阪平野町PREXビル新築工事大阪平野町PREXビル新築工事新大阪宮原NKビル【大阪】新大阪宮原NKビル【大阪】城西大学紀尾井町2号館建替計画港南二丁目プロジェクト日本生命熊本ビル新築工事日本生命新潟ビル岡波病院大阪平野町PREXビル新築工事PJ20111112_大阪市中央卸売市場南港市場PJ20111112_大阪市中央卸売市場南港市場関西国際空港T1リノベーション工事名駅4丁目PJ（仮称）資生堂九州工場新築工事（仮称）資生堂九州工場新築工事（仮称）資生堂九州工場新築工事（仮称）資生堂九州工場新築工事（仮称）資生堂九州工場新築工事（仮称）資生堂九州工場新築工事（仮称）資生堂九州工場新築工事関西国際空港T1リノベーション工事関西国際空港T1リノベーション工事関西国際空港T1リノベーション工事関西国際空港T1リノベーション工事関西国際空港T1リノベーション工事関西国際空港T1リノベーション工事
In AutoSaveForgeProperties.php line 115:
                                           
  Invalid argument supplied for foreach()  
                                           


In TokenFetcher.php line 108:
                                                                   
  The client_id specified does not have access to the api product  
                                                                   

関西国際空港T1リノベーション工事
In TokenFetcher.php line 108:
                                                                   
  The client_id specified does not have access to the api product  
                                                                   


In TokenFetcher.php line 108:
                                                                   
  The client_id specified does not have access to the api product  
                                                                   

関西国際空港T1リノベーション工事
In TokenFetcher.php line 108:
                                                                   
  The client_id specified does not have access to the api product  
                                                                   


In TokenFetcher.php line 108:
                                                                   
  The client_id specified does not have access to the api product  
                                                                   

関西国際空港T1リノベーション工事
In TokenFetcher.php line 108:
                                                                   
  The client_id specified does not have access to the api product  
                                                                   


In TokenFetcher.php line 108:
                                                                   
  The client_id specified does not have access to the api product  
                                                                   

関西国際空港T1リノベーション工事
In TokenFetcher.php line 108:
                                                                   
  The client_id specified does not have access to the api product  
                                                                   


In TokenFetcher.php line 108:
                                                                   
  The client_id specified does not have access to the api product  
                                                                   

関西国際空港T1リノベーション工事
In TokenFetcher.php line 108:
                                                                   
  The client_id specified does not have access to the api product  
                                                                   


In TokenFetcher.php line 108:
                                                                   
  The client_id specified does not have access to the api product  
                                                                   

関西国際空港T1リノベーション工事
In TokenFetcher.php line 108:
                                                                   
  The client_id specified does not have access to the api product  
                                                                   


In TokenFetcher.php line 108:
                                                                   
  The client_id specified does not have access to the api product  
                                                                   

関西国際空港T1リノベーション工事
In TokenFetcher.php line 108:
                                                                   
  The client_id specified does not have access to the api product  
                                                                   


In TokenFetcher.php line 108:
                                                                   
  The client_id specified does not have access to the api product  
                                                                   

関西国際空港T1リノベーション工事
In TokenFetcher.php line 108:
                                                                   
  The client_id specified does not have access to the api product  
                                                                   


In TokenFetcher.php line 108:
                                                                   
  The client_id specified does not have access to the api product  
                                                                   

関西国際空港T1リノベーション工事
In TokenFetcher.php line 108:
                                                                   
  The client_id specified does not have access to the api product  
                                                                   

